<?xml version="1.0" encoding="UTF-8"?>
<testsuites name="Mocha Tests" time="4.8530" tests="1" failures="0">
  <testsuite name="Root Suite" timestamp="2022-09-26T04:02:28" tests="0" file="cypress\e2e\Features\Login.feature" time="0.0000" failures="0">
  </testsuite>
  <testsuite name="Login" timestamp="2022-09-26T04:02:28" tests="1" time="4.8530" failures="0">
    <testcase name="Login Login Adactin webpage" time="4.8530" classname="Login Adactin webpage">
    </testcase>
  </testsuite>
</testsuites>